{"C:\\Users\\T-GAMER\\Documents\\Dev\\Estudo\\footapp-backend\\src\\shared\\entities\\entity.ts": {"path":"C:\\Users\\T-GAMER\\Documents\\Dev\\Estudo\\footapp-backend\\src\\shared\\entities\\entity.ts","statementMap":{"0":{"start":{"line":8,"column":4},"end":{"line":8,"column":null}},"1":{"start":{"line":12,"column":4},"end":{"line":12,"column":null}},"2":{"start":{"line":13,"column":4},"end":{"line":13,"column":null}},"3":{"start":{"line":17,"column":4},"end":{"line":17,"column":null}},"4":{"start":{"line":17,"column":17},"end":{"line":17,"column":null}},"5":{"start":{"line":19,"column":4},"end":{"line":19,"column":null}},"6":{"start":{"line":19,"column":37},"end":{"line":19,"column":null}},"7":{"start":{"line":21,"column":4},"end":{"line":21,"column":null}},"8":{"start":{"line":21,"column":25},"end":{"line":21,"column":null}},"9":{"start":{"line":23,"column":4},"end":{"line":23,"column":null}}},"fnMap":{"0":{"name":"id","decl":{"start":{"line":7,"column":6},"end":{"line":7,"column":27}},"loc":{"start":{"line":7,"column":27},"end":{"line":9,"column":null}},"line":7},"1":{"name":"constructor","decl":{"start":{"line":11,"column":2},"end":{"line":11,"column":14}},"loc":{"start":{"line":11,"column":49},"end":{"line":14,"column":null}},"line":11},"2":{"name":"equals","decl":{"start":{"line":16,"column":9},"end":{"line":16,"column":16}},"loc":{"start":{"line":16,"column":48},"end":{"line":24,"column":null}},"line":16}},"branchMap":{"0":{"loc":{"start":{"line":12,"column":15},"end":{"line":12,"column":null}},"type":"binary-expr","locations":[{"start":{"line":12,"column":15},"end":{"line":12,"column":21}},{"start":{"line":12,"column":21},"end":{"line":12,"column":null}}],"line":12},"1":{"loc":{"start":{"line":17,"column":4},"end":{"line":17,"column":null}},"type":"if","locations":[{"start":{"line":17,"column":4},"end":{"line":17,"column":null}},{"start":{},"end":{}}],"line":17},"2":{"loc":{"start":{"line":19,"column":4},"end":{"line":19,"column":null}},"type":"if","locations":[{"start":{"line":19,"column":4},"end":{"line":19,"column":null}},{"start":{},"end":{}}],"line":19},"3":{"loc":{"start":{"line":21,"column":4},"end":{"line":21,"column":null}},"type":"if","locations":[{"start":{"line":21,"column":4},"end":{"line":21,"column":null}},{"start":{},"end":{}}],"line":21}},"s":{"0":6,"1":9,"2":9,"3":5,"4":1,"5":4,"6":1,"7":3,"8":1,"9":2},"f":{"0":6,"1":9,"2":5},"b":{"0":[9,6],"1":[1,4],"2":[1,3],"3":[1,2]},"meta":{"lastBranch":4,"lastFunction":3,"lastStatement":10,"seen":{"f:7:6:7:27":0,"s:8:4:8:Infinity":0,"f:11:2:11:14":1,"s:12:4:12:Infinity":1,"b:12:15:12:21:12:21:12:Infinity":0,"s:13:4:13:Infinity":2,"f:16:9:16:16":2,"b:17:4:17:Infinity:undefined:undefined:undefined:undefined":1,"s:17:4:17:Infinity":3,"s:17:17:17:Infinity":4,"b:19:4:19:Infinity:undefined:undefined:undefined:undefined":2,"s:19:4:19:Infinity":5,"s:19:37:19:Infinity":6,"b:21:4:21:Infinity:undefined:undefined:undefined:undefined":3,"s:21:4:21:Infinity":7,"s:21:25:21:Infinity":8,"s:23:4:23:Infinity":9},"fnNames":{}}}
,"C:\\Users\\T-GAMER\\Documents\\Dev\\Estudo\\footapp-backend\\src\\shared\\value-objects\\unique-entity-id.ts": {"path":"C:\\Users\\T-GAMER\\Documents\\Dev\\Estudo\\footapp-backend\\src\\shared\\value-objects\\unique-entity-id.ts","statementMap":{"0":{"start":{"line":7,"column":4},"end":{"line":7,"column":null}},"1":{"start":{"line":11,"column":4},"end":{"line":11,"column":null}},"2":{"start":{"line":15,"column":4},"end":{"line":15,"column":null}},"3":{"start":{"line":15,"column":13},"end":{"line":15,"column":null}},"4":{"start":{"line":17,"column":4},"end":{"line":17,"column":null}}},"fnMap":{"0":{"name":"constructor","decl":{"start":{"line":6,"column":2},"end":{"line":6,"column":14}},"loc":{"start":{"line":6,"column":30},"end":{"line":8,"column":null}},"line":6},"1":{"name":"toString","decl":{"start":{"line":10,"column":2},"end":{"line":10,"column":21}},"loc":{"start":{"line":10,"column":21},"end":{"line":12,"column":null}},"line":10},"2":{"name":"equals","decl":{"start":{"line":14,"column":2},"end":{"line":14,"column":9}},"loc":{"start":{"line":14,"column":38},"end":{"line":18,"column":null}},"line":14}},"branchMap":{"0":{"loc":{"start":{"line":7,"column":17},"end":{"line":7,"column":null}},"type":"binary-expr","locations":[{"start":{"line":7,"column":17},"end":{"line":7,"column":26}},{"start":{"line":7,"column":26},"end":{"line":7,"column":null}}],"line":7},"1":{"loc":{"start":{"line":15,"column":4},"end":{"line":15,"column":null}},"type":"if","locations":[{"start":{"line":15,"column":4},"end":{"line":15,"column":null}},{"start":{},"end":{}}],"line":15}},"s":{"0":15,"1":6,"2":6,"3":2,"4":4},"f":{"0":15,"1":6,"2":6},"b":{"0":[15,12],"1":[2,4]},"meta":{"lastBranch":2,"lastFunction":3,"lastStatement":5,"seen":{"f:6:2:6:14":0,"s:7:4:7:Infinity":0,"b:7:17:7:26:7:26:7:Infinity":0,"f:10:2:10:21":1,"s:11:4:11:Infinity":1,"f:14:2:14:9":2,"b:15:4:15:Infinity:undefined:undefined:undefined:undefined":1,"s:15:4:15:Infinity":2,"s:15:13:15:Infinity":3,"s:17:4:17:Infinity":4},"fnNames":{}}}
}
